<?xml version="1.0" encoding="UTF-8"?>
<testng-results ignored="0" total="1" passed="1" failed="0" skipped="0">
  <reporter-output>
  </reporter-output>
  <suite started-at="2024-04-12T10:05:10 IST" name="Default suite" finished-at="2024-04-12T10:05:19 IST" duration-ms="9643">
    <groups>
    </groups>
    <test started-at="2024-04-12T10:05:10 IST" name="Default test" finished-at="2024-04-12T10:05:19 IST" duration-ms="9643">
      <class name="fnpdatavalidation.com.fnp.TestAutomation">
        <test-method is-config="true" signature="launchBrowser()[pri:0, instance:fnpdatavalidation.com.fnp.TestAutomation@5fe94a96]" started-at="2024-04-12T10:05:10 IST" name="launchBrowser" finished-at="2024-04-12T10:05:11 IST" duration-ms="1309" status="PASS">
          <reporter-output>
          </reporter-output>
        </test-method> <!-- launchBrowser -->
        <test-method signature="addToCarttest()[pri:0, instance:fnpdatavalidation.com.fnp.TestAutomation@5fe94a96]" started-at="2024-04-12T10:05:11 IST" name="addToCarttest" finished-at="2024-04-12T10:05:19 IST" duration-ms="8065" status="PASS">
          <reporter-output>
          </reporter-output>
        </test-method> <!-- addToCarttest -->
        <test-method is-config="true" signature="closingBrowser()[pri:0, instance:fnpdatavalidation.com.fnp.TestAutomation@5fe94a96]" started-at="2024-04-12T10:05:19 IST" name="closingBrowser" finished-at="2024-04-12T10:05:19 IST" duration-ms="231" status="PASS">
          <reporter-output>
          </reporter-output>
        </test-method> <!-- closingBrowser -->
      </class> <!-- fnpdatavalidation.com.fnp.TestAutomation -->
    </test> <!-- Default test -->
  </suite> <!-- Default suite -->
</testng-results>
