<?xml version="1.0" encoding="UTF-8"?>
<testng-results ignored="0" total="1" passed="1" failed="0" skipped="0">
  <reporter-output>
  </reporter-output>
  <suite started-at="2024-04-18T10:34:20 IST" name="Default suite" finished-at="2024-04-18T10:35:10 IST" duration-ms="49699">
    <groups>
    </groups>
    <test started-at="2024-04-18T10:34:20 IST" name="Default test" finished-at="2024-04-18T10:35:10 IST" duration-ms="49699">
      <class name="dibrunobrosdatavalidation.TestAutomation.TestRunner">
        <test-method is-config="true" signature="launchBrowser()[pri:0, instance:dibrunobrosdatavalidation.TestAutomation.TestRunner@618b19ad]" started-at="2024-04-18T10:34:20 IST" name="launchBrowser" finished-at="2024-04-18T10:34:22 IST" duration-ms="1838" status="PASS">
          <reporter-output>
          </reporter-output>
        </test-method> <!-- launchBrowser -->
        <test-method signature="addToCarttest()[pri:0, instance:dibrunobrosdatavalidation.TestAutomation.TestRunner@618b19ad]" started-at="2024-04-18T10:34:22 IST" name="addToCarttest" finished-at="2024-04-18T10:35:10 IST" duration-ms="47486" status="PASS">
          <reporter-output>
          </reporter-output>
        </test-method> <!-- addToCarttest -->
        <test-method is-config="true" signature="closingBrowser()[pri:0, instance:dibrunobrosdatavalidation.TestAutomation.TestRunner@618b19ad]" started-at="2024-04-18T10:35:10 IST" name="closingBrowser" finished-at="2024-04-18T10:35:10 IST" duration-ms="332" status="PASS">
          <reporter-output>
          </reporter-output>
        </test-method> <!-- closingBrowser -->
      </class> <!-- dibrunobrosdatavalidation.TestAutomation.TestRunner -->
    </test> <!-- Default test -->
  </suite> <!-- Default suite -->
</testng-results>
