<?xml version="1.0" encoding="UTF-8"?>
<testng-results ignored="0" total="1" passed="1" failed="0" skipped="0">
  <reporter-output>
  </reporter-output>
  <suite started-at="2024-04-12T10:51:42 IST" name="Default suite" finished-at="2024-04-12T10:51:53 IST" duration-ms="10744">
    <groups>
    </groups>
    <test started-at="2024-04-12T10:51:42 IST" name="Default test" finished-at="2024-04-12T10:51:53 IST" duration-ms="10744">
      <class name="fnpdatavalidation.com.fnp.TestAutomation">
        <test-method is-config="true" signature="launchBrowser()[pri:0, instance:fnpdatavalidation.com.fnp.TestAutomation@618b19ad]" started-at="2024-04-12T10:51:42 IST" name="launchBrowser" finished-at="2024-04-12T10:51:44 IST" duration-ms="1714" status="PASS">
          <reporter-output>
          </reporter-output>
        </test-method> <!-- launchBrowser -->
        <test-method signature="addToCarttest()[pri:0, instance:fnpdatavalidation.com.fnp.TestAutomation@618b19ad]" started-at="2024-04-12T10:51:44 IST" name="addToCarttest" finished-at="2024-04-12T10:51:53 IST" duration-ms="8666" status="PASS">
          <reporter-output>
          </reporter-output>
        </test-method> <!-- addToCarttest -->
        <test-method is-config="true" signature="closingBrowser()[pri:0, instance:fnpdatavalidation.com.fnp.TestAutomation@618b19ad]" started-at="2024-04-12T10:51:53 IST" name="closingBrowser" finished-at="2024-04-12T10:51:53 IST" duration-ms="318" status="PASS">
          <reporter-output>
          </reporter-output>
        </test-method> <!-- closingBrowser -->
      </class> <!-- fnpdatavalidation.com.fnp.TestAutomation -->
    </test> <!-- Default test -->
  </suite> <!-- Default suite -->
</testng-results>
