<?xml version="1.0" encoding="UTF-8"?>
<testng-results ignored="0" total="1" passed="0" failed="1" skipped="0">
  <reporter-output>
  </reporter-output>
  <suite started-at="2024-04-12T15:54:44 IST" name="Default suite" finished-at="2024-04-12T15:55:03 IST" duration-ms="19852">
    <groups>
    </groups>
    <test started-at="2024-04-12T15:54:44 IST" name="Default test" finished-at="2024-04-12T15:55:03 IST" duration-ms="19852">
      <class name="com.fnp.FnpAutomateTest">
        <test-method is-config="true" signature="launchBrowser()[pri:0, instance:com.fnp.FnpAutomateTest@618b19ad]" started-at="2024-04-12T15:54:44 IST" name="launchBrowser" finished-at="2024-04-12T15:54:45 IST" duration-ms="1660" status="PASS">
          <reporter-output>
          </reporter-output>
        </test-method> <!-- launchBrowser -->
        <test-method signature="dataValidationsTest()[pri:0, instance:com.fnp.FnpAutomateTest@618b19ad]" started-at="2024-04-12T15:54:45 IST" name="dataValidationsTest" finished-at="2024-04-12T15:55:03 IST" duration-ms="17735" status="FAIL">
          <exception class="java.lang.NullPointerException">
            <message>
              <![CDATA[Cannot invoke "org.openqa.selenium.WebElement.getText()" because "com.pageobjectpattern.DataValidations.productdesc1" is null]]>
            </message>
            <full-stacktrace>
              <![CDATA[java.lang.NullPointerException: Cannot invoke "org.openqa.selenium.WebElement.getText()" because "com.pageobjectpattern.DataValidations.productdesc1" is null
at com.pageobjectpattern.DataValidations.validateDataOnWebsite(DataValidations.java:64)
at com.pageobjectpattern.HomePage.performExcelDataValidation(HomePage.java:119)
at com.pageobjectpattern.HomePage.navigateTofnp2(HomePage.java:64)
at com.fnp.FnpAutomateTest.dataValidationsTest(FnpAutomateTest.java:21)
at java.base/jdk.internal.reflect.DirectMethodHandleAccessor.invoke(DirectMethodHandleAccessor.java:103)
at java.base/java.lang.reflect.Method.invoke(Method.java:580)
at org.testng.internal.invokers.MethodInvocationHelper.invokeMethod(MethodInvocationHelper.java:139)
at org.testng.internal.invokers.TestInvoker.invokeMethod(TestInvoker.java:664)
at org.testng.internal.invokers.TestInvoker.invokeTestMethod(TestInvoker.java:228)
at org.testng.internal.invokers.MethodRunner.runInSequence(MethodRunner.java:63)
at org.testng.internal.invokers.TestInvoker$MethodInvocationAgent.invoke(TestInvoker.java:961)
at org.testng.internal.invokers.TestInvoker.invokeTestMethods(TestInvoker.java:201)
at org.testng.internal.invokers.TestMethodWorker.invokeTestMethods(TestMethodWorker.java:148)
at org.testng.internal.invokers.TestMethodWorker.run(TestMethodWorker.java:128)
at java.base/java.util.ArrayList.forEach(ArrayList.java:1596)
at org.testng.TestRunner.privateRun(TestRunner.java:819)
at org.testng.TestRunner.run(TestRunner.java:619)
at org.testng.SuiteRunner.runTest(SuiteRunner.java:443)
at org.testng.SuiteRunner.runSequentially(SuiteRunner.java:437)
at org.testng.SuiteRunner.privateRun(SuiteRunner.java:397)
at org.testng.SuiteRunner.run(SuiteRunner.java:336)
at org.testng.SuiteRunnerWorker.runSuite(SuiteRunnerWorker.java:52)
at org.testng.SuiteRunnerWorker.run(SuiteRunnerWorker.java:95)
at org.testng.TestNG.runSuitesSequentially(TestNG.java:1301)
at org.testng.TestNG.runSuitesLocally(TestNG.java:1228)
at org.testng.TestNG.runSuites(TestNG.java:1134)
at org.testng.TestNG.run(TestNG.java:1101)
at org.testng.remote.AbstractRemoteTestNG.run(AbstractRemoteTestNG.java:115)
at org.testng.remote.RemoteTestNG.initAndRun(RemoteTestNG.java:251)
at org.testng.remote.RemoteTestNG.main(RemoteTestNG.java:77)
]]>
            </full-stacktrace>
          </exception> <!-- java.lang.NullPointerException -->
          <reporter-output>
          </reporter-output>
        </test-method> <!-- dataValidationsTest -->
        <test-method is-config="true" signature="closingBrowser()[pri:0, instance:com.fnp.FnpAutomateTest@618b19ad]" started-at="2024-04-12T15:55:03 IST" name="closingBrowser" finished-at="2024-04-12T15:55:03 IST" duration-ms="406" status="PASS">
          <reporter-output>
          </reporter-output>
        </test-method> <!-- closingBrowser -->
      </class> <!-- com.fnp.FnpAutomateTest -->
    </test> <!-- Default test -->
  </suite> <!-- Default suite -->
</testng-results>
